{"level":"info","message":"on port 3000...","timestamp":"2024-04-19T00:47:36.314Z"}
{"level":"info","message":"connected to mongodb://localhost/Vidly","timestamp":"2024-04-19T00:47:36.326Z"}
{"level":"info","message":"on port 3000...","timestamp":"2024-04-19T00:50:19.739Z"}
{"level":"info","message":"connected to mongodb://localhost/Vidly","timestamp":"2024-04-19T00:50:19.752Z"}
{"level":"info","message":"on port 3000...","timestamp":"2024-04-19T00:51:26.110Z"}
{"level":"info","message":"connected to mongodb://localhost/Vidly_tests","timestamp":"2024-04-19T00:51:26.124Z"}
{"level":"info","message":"on port 3000...","timestamp":"2024-04-19T02:02:31.149Z"}
{"level":"info","message":"connected to mongodb://localhost/Vidly_tests","timestamp":"2024-04-19T02:02:31.179Z"}
{"level":"info","message":"on port 3000...","timestamp":"2024-04-19T02:04:08.692Z"}
{"level":"info","message":"connected to mongodb://localhost/Vidly_tests","timestamp":"2024-04-19T02:04:08.713Z"}
{"level":"info","message":"on port 3000...","timestamp":"2024-04-19T02:05:11.836Z"}
{"level":"info","message":"connected to mongodb://localhost/Vidly_tests","timestamp":"2024-04-19T02:05:11.856Z"}
{"level":"info","message":"on port 3000...","timestamp":"2024-04-19T02:05:26.823Z"}
{"level":"info","message":"connected to mongodb://localhost/Vidly_tests","timestamp":"2024-04-19T02:05:26.849Z"}
{"level":"info","message":"on port 3000...","timestamp":"2024-04-19T02:05:35.096Z"}
{"level":"info","message":"connected to mongodb://localhost/Vidly_tests","timestamp":"2024-04-19T02:05:35.116Z"}
{"level":"info","message":"on port 3000...","timestamp":"2024-04-19T02:05:46.556Z"}
{"level":"info","message":"connected to mongodb://localhost/Vidly_tests","timestamp":"2024-04-19T02:05:46.577Z"}
{"level":"info","message":"on port 3000...","timestamp":"2024-04-19T02:06:38.505Z"}
{"level":"info","message":"connected to mongodb://localhost/Vidly_tests","timestamp":"2024-04-19T02:06:38.526Z"}
{"level":"info","message":"on port 3000...","timestamp":"2024-04-19T02:06:46.180Z"}
{"level":"info","message":"connected to mongodb://localhost/Vidly_tests","timestamp":"2024-04-19T02:06:46.200Z"}
{"level":"info","message":"on port 3000...","timestamp":"2024-04-19T02:06:49.168Z"}
{"level":"info","message":"connected to mongodb://localhost/Vidly_tests","timestamp":"2024-04-19T02:06:49.192Z"}
{"level":"info","message":"on port 3000...","timestamp":"2024-04-19T02:07:01.650Z"}
{"level":"info","message":"connected to mongodb://localhost/Vidly_tests","timestamp":"2024-04-19T02:07:01.672Z"}
{"level":"info","message":"on port 3000...","timestamp":"2024-04-19T02:08:38.115Z"}
{"level":"info","message":"connected to mongodb://localhost/Vidly_tests","timestamp":"2024-04-19T02:08:38.135Z"}
{"level":"info","message":"on port 3000...","timestamp":"2024-04-19T02:09:08.083Z"}
{"level":"info","message":"connected to mongodb://localhost/Vidly_tests","timestamp":"2024-04-19T02:09:08.103Z"}
{"level":"info","message":"on port 3000...","timestamp":"2024-04-19T02:09:32.696Z"}
{"level":"info","message":"connected to mongodb://localhost/Vidly_tests","timestamp":"2024-04-19T02:09:32.718Z"}
{"level":"info","message":"on port 3000...","timestamp":"2024-04-19T02:14:46.779Z"}
{"level":"info","message":"connected to mongodb://localhost/Vidly_tests","timestamp":"2024-04-19T02:14:46.797Z"}
{"level":"info","message":"on port 3000...","timestamp":"2024-04-19T02:18:27.528Z"}
{"level":"info","message":"connected to mongodb://localhost/Vidly_tests","timestamp":"2024-04-19T02:18:27.547Z"}
{"level":"info","message":"on port 3000...","timestamp":"2024-04-19T02:19:56.745Z"}
{"level":"info","message":"connected to mongodb://localhost/Vidly_tests","timestamp":"2024-04-19T02:19:56.766Z"}
{"level":"info","message":"on port 3000...","timestamp":"2024-04-19T02:20:08.129Z"}
{"level":"info","message":"connected to mongodb://localhost/Vidly_tests","timestamp":"2024-04-19T02:20:08.151Z"}
{"level":"info","message":"on port 3000...","timestamp":"2024-04-19T02:20:45.921Z"}
{"level":"info","message":"connected to mongodb://localhost/Vidly_tests","timestamp":"2024-04-19T02:20:45.967Z"}
{"level":"info","message":"on port 3000...","timestamp":"2024-04-19T02:21:02.476Z"}
{"level":"info","message":"connected to mongodb://localhost/Vidly_tests","timestamp":"2024-04-19T02:21:02.508Z"}
{"level":"info","message":"on port 3000...","timestamp":"2024-04-19T02:21:52.224Z"}
{"level":"info","message":"connected to mongodb://localhost/Vidly_tests","timestamp":"2024-04-19T02:21:52.238Z"}
{"level":"info","message":"on port 3000...","timestamp":"2024-04-19T02:24:27.358Z"}
{"level":"info","message":"connected to mongodb://localhost/Vidly_tests","timestamp":"2024-04-19T02:24:27.376Z"}
{"level":"info","message":"on port 3000...","timestamp":"2024-04-19T02:24:38.859Z"}
{"level":"info","message":"connected to mongodb://localhost/Vidly_tests","timestamp":"2024-04-19T02:24:38.883Z"}
{"level":"info","message":"on port 3000...","timestamp":"2024-04-19T02:25:15.169Z"}
{"level":"info","message":"connected to mongodb://localhost/Vidly_tests","timestamp":"2024-04-19T02:25:15.189Z"}
{"level":"info","message":"on port 3000...","timestamp":"2024-04-19T02:26:09.272Z"}
{"level":"info","message":"connected to mongodb://localhost/Vidly_tests","timestamp":"2024-04-19T02:26:09.292Z"}
{"level":"info","message":"on port 3000...","timestamp":"2024-04-19T02:26:36.482Z"}
{"level":"info","message":"connected to mongodb://localhost/Vidly_tests","timestamp":"2024-04-19T02:26:36.502Z"}
{"level":"info","message":"on port 3000...","timestamp":"2024-04-19T02:26:49.537Z"}
{"level":"info","message":"connected to mongodb://localhost/Vidly_tests","timestamp":"2024-04-19T02:26:49.562Z"}
{"level":"info","message":"on port 3000...","timestamp":"2024-04-19T02:27:37.210Z"}
{"level":"info","message":"connected to mongodb://localhost/Vidly_tests","timestamp":"2024-04-19T02:27:37.230Z"}
{"level":"info","message":"on port 3000...","timestamp":"2024-04-19T02:27:53.841Z"}
{"level":"info","message":"connected to mongodb://localhost/Vidly_tests","timestamp":"2024-04-19T02:27:53.864Z"}
{"level":"info","message":"on port 3000...","timestamp":"2024-04-19T02:27:56.783Z"}
{"level":"info","message":"connected to mongodb://localhost/Vidly_tests","timestamp":"2024-04-19T02:27:56.806Z"}
{"level":"info","message":"on port 3000...","timestamp":"2024-04-19T02:28:13.842Z"}
{"level":"info","message":"connected to mongodb://localhost/Vidly_tests","timestamp":"2024-04-19T02:28:13.863Z"}
{"level":"info","message":"on port 3000...","timestamp":"2024-04-19T02:29:51.527Z"}
{"level":"info","message":"connected to mongodb://localhost/Vidly_tests","timestamp":"2024-04-19T02:29:51.549Z"}
{"level":"info","message":"on port 3000...","timestamp":"2024-04-19T02:30:06.616Z"}
{"level":"info","message":"connected to mongodb://localhost/Vidly_tests","timestamp":"2024-04-19T02:30:06.642Z"}
{"level":"info","message":"on port 3000...","timestamp":"2024-04-19T21:05:16.595Z"}
{"level":"info","message":"connected to mongodb://localhost/Vidly_tests","timestamp":"2024-04-19T21:05:16.624Z"}
{"level":"info","message":"on port 3000...","timestamp":"2024-04-19T21:05:51.756Z"}
{"level":"info","message":"connected to mongodb://localhost/Vidly_tests","timestamp":"2024-04-19T21:05:51.776Z"}
{"level":"info","message":"on port 3000...","timestamp":"2024-04-19T21:08:10.446Z"}
{"level":"info","message":"connected to mongodb://localhost/Vidly_tests","timestamp":"2024-04-19T21:08:10.466Z"}
{"level":"info","message":"on port 3000...","timestamp":"2024-04-19T21:08:46.740Z"}
{"level":"info","message":"connected to mongodb://localhost/Vidly_tests","timestamp":"2024-04-19T21:08:46.756Z"}
{"level":"info","message":"on port 3000...","timestamp":"2024-04-19T21:09:21.881Z"}
{"level":"info","message":"connected to mongodb://localhost/Vidly_tests","timestamp":"2024-04-19T21:09:21.894Z"}
{"level":"info","message":"on port 3000...","timestamp":"2024-04-19T21:11:30.639Z"}
{"level":"info","message":"connected to mongodb://localhost/Vidly_tests","timestamp":"2024-04-19T21:11:30.651Z"}
{"level":"info","message":"on port 3000...","timestamp":"2024-04-19T21:12:13.752Z"}
{"level":"info","message":"connected to mongodb://localhost/Vidly_tests","timestamp":"2024-04-19T21:12:13.765Z"}
{"level":"info","message":"on port 3000...","timestamp":"2024-04-19T21:13:39.431Z"}
{"level":"info","message":"connected to mongodb://localhost/Vidly_tests","timestamp":"2024-04-19T21:13:39.443Z"}
{"level":"info","message":"on port 3000...","timestamp":"2024-04-19T21:16:44.304Z"}
{"level":"info","message":"connected to mongodb://localhost/Vidly_tests","timestamp":"2024-04-19T21:16:44.356Z"}
{"level":"info","message":"on port 3000...","timestamp":"2024-04-19T21:16:49.076Z"}
{"level":"info","message":"connected to mongodb://localhost/Vidly_tests","timestamp":"2024-04-19T21:16:49.089Z"}
{"level":"info","message":"on port 3000...","timestamp":"2024-04-19T21:16:57.640Z"}
{"level":"info","message":"connected to mongodb://localhost/Vidly_tests","timestamp":"2024-04-19T21:16:57.652Z"}
{"level":"info","message":"on port 3000...","timestamp":"2024-04-19T21:17:27.951Z"}
{"level":"info","message":"connected to mongodb://localhost/Vidly_tests","timestamp":"2024-04-19T21:17:27.964Z"}
{"level":"info","message":"on port 3000...","timestamp":"2024-04-19T21:17:36.513Z"}
{"level":"info","message":"connected to mongodb://localhost/Vidly_tests","timestamp":"2024-04-19T21:17:36.527Z"}
{"level":"info","message":"on port 3000...","timestamp":"2024-04-19T21:18:04.965Z"}
{"level":"info","message":"connected to mongodb://localhost/Vidly_tests","timestamp":"2024-04-19T21:18:04.977Z"}
{"level":"info","message":"on port 3000...","timestamp":"2024-04-19T21:18:23.174Z"}
{"level":"info","message":"connected to mongodb://localhost/Vidly_tests","timestamp":"2024-04-19T21:18:23.187Z"}
{"level":"info","message":"on port 3000...","timestamp":"2024-04-19T21:18:36.095Z"}
{"level":"info","message":"connected to mongodb://localhost/Vidly_tests","timestamp":"2024-04-19T21:18:36.108Z"}
{"level":"info","message":"on port 3000...","timestamp":"2024-04-19T21:19:40.594Z"}
{"level":"info","message":"connected to mongodb://localhost/Vidly_tests","timestamp":"2024-04-19T21:19:40.606Z"}
{"level":"info","message":"on port 3000...","timestamp":"2024-04-19T21:20:04.093Z"}
{"level":"info","message":"connected to mongodb://localhost/Vidly_tests","timestamp":"2024-04-19T21:20:04.106Z"}
{"level":"info","message":"on port 3000...","timestamp":"2024-04-19T21:20:09.977Z"}
{"level":"info","message":"connected to mongodb://localhost/Vidly_tests","timestamp":"2024-04-19T21:20:09.989Z"}
{"level":"info","message":"on port 3000...","timestamp":"2024-04-19T21:23:40.322Z"}
{"level":"info","message":"connected to mongodb://localhost/Vidly_tests","timestamp":"2024-04-19T21:23:40.336Z"}
{"level":"info","message":"on port 3000...","timestamp":"2024-04-19T21:27:52.581Z"}
{"level":"info","message":"connected to mongodb://localhost/Vidly_tests","timestamp":"2024-04-19T21:27:52.595Z"}
{"level":"info","message":"on port 3000...","timestamp":"2024-04-19T21:30:15.443Z"}
{"level":"info","message":"connected to mongodb://localhost/Vidly","timestamp":"2024-04-19T21:30:15.455Z"}
{"level":"info","message":"on port 3000...","timestamp":"2024-04-19T21:31:15.180Z"}
{"level":"info","message":"connected to mongodb://localhost/Vidly","timestamp":"2024-04-19T21:31:15.193Z"}
{"level":"info","message":"on port 3000...","timestamp":"2024-04-19T21:31:29.644Z"}
{"level":"info","message":"connected to mongodb://localhost/Vidly_tests","timestamp":"2024-04-19T21:31:29.658Z"}
{"level":"info","message":"on port 3000...","timestamp":"2024-04-19T21:31:52.334Z"}
{"level":"info","message":"connected to mongodb://localhost/Vidly_tests","timestamp":"2024-04-19T21:31:52.346Z"}
{"level":"info","message":"on port 3000...","timestamp":"2024-04-19T21:32:10.704Z"}
{"level":"info","message":"connected to mongodb://localhost/Vidly_tests","timestamp":"2024-04-19T21:32:10.716Z"}
{"level":"info","message":"on port 3000...","timestamp":"2024-04-19T21:32:40.313Z"}
{"level":"info","message":"connected to mongodb://localhost/Vidly_tests","timestamp":"2024-04-19T21:32:40.329Z"}
{"level":"info","message":"on port 3000...","timestamp":"2024-04-19T21:33:05.385Z"}
{"level":"info","message":"connected to mongodb://localhost/Vidly_tests","timestamp":"2024-04-19T21:33:05.399Z"}
{"level":"info","message":"on port 3000...","timestamp":"2024-04-19T21:33:26.550Z"}
{"level":"info","message":"connected to mongodb://localhost/Vidly_tests","timestamp":"2024-04-19T21:33:26.565Z"}
{"level":"info","message":"on port 3000...","timestamp":"2024-04-19T21:33:40.275Z"}
{"level":"info","message":"connected to mongodb://localhost/Vidly_tests","timestamp":"2024-04-19T21:33:40.290Z"}
{"level":"info","message":"on port 3000...","timestamp":"2024-04-19T21:34:25.313Z"}
{"level":"info","message":"connected to mongodb://localhost/Vidly_tests","timestamp":"2024-04-19T21:34:25.325Z"}
{"level":"info","message":"on port 3000...","timestamp":"2024-04-19T21:34:56.094Z"}
{"level":"info","message":"connected to mongodb://localhost/Vidly_tests","timestamp":"2024-04-19T21:34:56.110Z"}
{"level":"info","message":"on port 3000...","timestamp":"2024-04-19T21:35:08.020Z"}
{"level":"info","message":"connected to mongodb://localhost/Vidly_tests","timestamp":"2024-04-19T21:35:08.032Z"}
{"level":"info","message":"on port 3000...","timestamp":"2024-04-19T21:35:53.505Z"}
{"level":"info","message":"connected to mongodb://localhost/Vidly_tests","timestamp":"2024-04-19T21:35:53.518Z"}
{"level":"info","message":"on port 3000...","timestamp":"2024-04-19T21:37:11.208Z"}
{"level":"info","message":"connected to mongodb://localhost/Vidly_tests","timestamp":"2024-04-19T21:37:11.222Z"}
{"level":"info","message":"on port 3000...","timestamp":"2024-04-19T21:37:52.492Z"}
{"level":"info","message":"connected to mongodb://localhost/Vidly_tests","timestamp":"2024-04-19T21:37:52.505Z"}
{"level":"info","message":"on port 3000...","timestamp":"2024-04-19T21:39:04.349Z"}
{"level":"info","message":"connected to mongodb://localhost/Vidly_tests","timestamp":"2024-04-19T21:39:04.369Z"}
{"level":"info","message":"on port 3000...","timestamp":"2024-04-19T21:39:11.496Z"}
{"level":"info","message":"connected to mongodb://localhost/Vidly_tests","timestamp":"2024-04-19T21:39:11.513Z"}
{"level":"info","message":"on port 3000...","timestamp":"2024-04-19T21:40:28.527Z"}
{"level":"info","message":"connected to mongodb://localhost/Vidly_tests","timestamp":"2024-04-19T21:40:28.540Z"}
{"level":"info","message":"connected to mongodb://localhost/Vidly_tests","timestamp":"2024-04-19T21:43:14.745Z"}
{"level":"info","message":"on port 3000...","timestamp":"2024-04-19T21:43:14.776Z"}
{"level":"info","message":"on port 3000...","timestamp":"2024-04-19T21:43:21.949Z"}
{"level":"info","message":"connected to mongodb://localhost/Vidly_tests","timestamp":"2024-04-19T21:43:21.962Z"}
{"level":"info","message":"on port 3000...","timestamp":"2024-04-19T21:45:00.732Z"}
{"level":"info","message":"connected to mongodb://localhost/Vidly_tests","timestamp":"2024-04-19T21:45:00.745Z"}
{"level":"info","message":"on port 3000...","timestamp":"2024-04-19T21:52:02.486Z"}
{"level":"info","message":"connected to mongodb://localhost/Vidly_tests","timestamp":"2024-04-19T21:52:02.499Z"}
{"kind":"ObjectId","level":"error","message":"Cast to ObjectId failed for value \"1\" (type string) at path \"_id\" for model \"Genre\" Cast to ObjectId failed for value \"1\" (type string) at path \"_id\" for model \"Genre\"","path":"_id","reason":{},"stack":"CastError: Cast to ObjectId failed for value \"1\" (type string) at path \"_id\" for model \"Genre\"\n    at SchemaObjectId.Object.<anonymous>.SchemaObjectId.cast (C:\\Users\\lmcar\\vidly\\node_modules\\mongoose\\lib\\schema\\objectId.js:250:11)\n    at SchemaObjectId.Object.<anonymous>.SchemaType.applySetters (C:\\Users\\lmcar\\vidly\\node_modules\\mongoose\\lib\\schemaType.js:1221:12)\n    at SchemaObjectId.Object.<anonymous>.SchemaType.castForQuery (C:\\Users\\lmcar\\vidly\\node_modules\\mongoose\\lib\\schemaType.js:1636:17)\n    at cast (C:\\Users\\lmcar\\vidly\\node_modules\\mongoose\\lib\\cast.js:375:32)\n    at model.Query.Object.<anonymous>.Query.cast (C:\\Users\\lmcar\\vidly\\node_modules\\mongoose\\lib\\query.js:4778:12)\n    at model.Query.Object.<anonymous>.Query._castConditions (C:\\Users\\lmcar\\vidly\\node_modules\\mongoose\\lib\\query.js:2199:10)\n    at model.Query._findOne (C:\\Users\\lmcar\\vidly\\node_modules\\mongoose\\lib\\query.js:2513:8)\n    at model.Query.exec (C:\\Users\\lmcar\\vidly\\node_modules\\mongoose\\lib\\query.js:4322:80)\n    at processTicksAndRejections (node:internal/process/task_queues:95:5)\n    at C:\\Users\\lmcar\\vidly\\routes\\genres.js:47:18","stringValue":"\"1\"","timestamp":"2024-04-19T21:52:02.568Z","value":"1","valueType":"string"}
{"level":"info","message":"on port 3000...","timestamp":"2024-04-19T21:54:45.169Z"}
{"level":"info","message":"connected to mongodb://localhost/Vidly_tests","timestamp":"2024-04-19T21:54:45.182Z"}
{"level":"info","message":"on port 3000...","timestamp":"2024-04-19T21:54:53.561Z"}
{"level":"info","message":"connected to mongodb://localhost/Vidly_tests","timestamp":"2024-04-19T21:54:53.573Z"}
{"level":"info","message":"on port 3000...","timestamp":"2024-04-19T21:55:01.876Z"}
{"level":"info","message":"connected to mongodb://localhost/Vidly_tests","timestamp":"2024-04-19T21:55:01.888Z"}
{"level":"info","message":"on port 3000...","timestamp":"2024-04-19T21:56:46.105Z"}
{"level":"info","message":"connected to mongodb://localhost/Vidly_tests","timestamp":"2024-04-19T21:56:46.118Z"}
{"level":"info","message":"on port 3000...","timestamp":"2024-04-19T21:56:56.481Z"}
{"level":"info","message":"connected to mongodb://localhost/Vidly_tests","timestamp":"2024-04-19T21:56:56.493Z"}
{"level":"info","message":"on port 3000...","timestamp":"2024-04-19T22:01:49.725Z"}
{"level":"info","message":"connected to mongodb://localhost/Vidly_tests","timestamp":"2024-04-19T22:01:49.740Z"}
{"level":"info","message":"on port 3000...","timestamp":"2024-04-19T22:02:15.991Z"}
{"level":"info","message":"connected to mongodb://localhost/Vidly_tests","timestamp":"2024-04-19T22:02:16.003Z"}
{"level":"info","message":"on port 3000...","timestamp":"2024-04-19T22:02:22.003Z"}
{"level":"info","message":"connected to mongodb://localhost/Vidly_tests","timestamp":"2024-04-19T22:02:22.017Z"}
{"level":"info","message":"on port 3000...","timestamp":"2024-04-19T22:02:38.195Z"}
{"level":"info","message":"connected to mongodb://localhost/Vidly_tests","timestamp":"2024-04-19T22:02:38.211Z"}
{"level":"info","message":"on port 3000...","timestamp":"2024-04-19T22:02:42.716Z"}
{"level":"info","message":"connected to mongodb://localhost/Vidly_tests","timestamp":"2024-04-19T22:02:42.729Z"}
{"level":"info","message":"on port 3000...","timestamp":"2024-04-19T22:02:52.322Z"}
{"level":"info","message":"connected to mongodb://localhost/Vidly_tests","timestamp":"2024-04-19T22:02:52.335Z"}
{"level":"info","message":"on port 3000...","timestamp":"2024-04-19T22:02:56.207Z"}
{"level":"info","message":"connected to mongodb://localhost/Vidly_tests","timestamp":"2024-04-19T22:02:56.223Z"}
{"level":"info","message":"on port 3000...","timestamp":"2024-04-19T22:02:59.580Z"}
{"level":"info","message":"connected to mongodb://localhost/Vidly_tests","timestamp":"2024-04-19T22:02:59.597Z"}
{"level":"info","message":"on port 3000...","timestamp":"2024-04-19T22:03:27.339Z"}
{"level":"info","message":"connected to mongodb://localhost/Vidly_tests","timestamp":"2024-04-19T22:03:27.351Z"}
{"kind":"ObjectId","level":"error","message":"Cast to ObjectId failed for value \"1\" (type string) at path \"_id\" for model \"Genre\" Cast to ObjectId failed for value \"1\" (type string) at path \"_id\" for model \"Genre\"","path":"_id","reason":{},"stack":"CastError: Cast to ObjectId failed for value \"1\" (type string) at path \"_id\" for model \"Genre\"\n    at SchemaObjectId.Object.<anonymous>.SchemaObjectId.cast (C:\\Users\\lmcar\\vidly\\node_modules\\mongoose\\lib\\schema\\objectId.js:250:11)\n    at SchemaObjectId.Object.<anonymous>.SchemaType.applySetters (C:\\Users\\lmcar\\vidly\\node_modules\\mongoose\\lib\\schemaType.js:1221:12)\n    at SchemaObjectId.Object.<anonymous>.SchemaType.castForQuery (C:\\Users\\lmcar\\vidly\\node_modules\\mongoose\\lib\\schemaType.js:1636:17)\n    at cast (C:\\Users\\lmcar\\vidly\\node_modules\\mongoose\\lib\\cast.js:375:32)\n    at model.Query.Object.<anonymous>.Query.cast (C:\\Users\\lmcar\\vidly\\node_modules\\mongoose\\lib\\query.js:4778:12)\n    at model.Query.Object.<anonymous>.Query._castConditions (C:\\Users\\lmcar\\vidly\\node_modules\\mongoose\\lib\\query.js:2199:10)\n    at model.Query._findOne (C:\\Users\\lmcar\\vidly\\node_modules\\mongoose\\lib\\query.js:2513:8)\n    at model.Query.exec (C:\\Users\\lmcar\\vidly\\node_modules\\mongoose\\lib\\query.js:4322:80)\n    at processTicksAndRejections (node:internal/process/task_queues:95:5)\n    at C:\\Users\\lmcar\\vidly\\routes\\genres.js:49:18","stringValue":"\"1\"","timestamp":"2024-04-19T22:03:27.421Z","value":"1","valueType":"string"}
{"level":"info","message":"on port 3000...","timestamp":"2024-04-19T22:03:43.138Z"}
{"level":"info","message":"connected to mongodb://localhost/Vidly_tests","timestamp":"2024-04-19T22:03:43.151Z"}
{"level":"info","message":"on port 3000...","timestamp":"2024-04-19T22:58:24.462Z"}
{"level":"info","message":"connected to mongodb://localhost/Vidly_tests","timestamp":"2024-04-19T22:58:24.479Z"}
{"level":"info","message":"on port 3000...","timestamp":"2024-04-19T23:00:13.761Z"}
{"level":"info","message":"connected to mongodb://localhost/Vidly_tests","timestamp":"2024-04-19T23:00:13.806Z"}
{"level":"info","message":"on port 3000...","timestamp":"2024-04-19T23:01:59.366Z"}
{"level":"info","message":"connected to mongodb://localhost/Vidly_tests","timestamp":"2024-04-19T23:01:59.381Z"}
{"level":"info","message":"on port 3000...","timestamp":"2024-04-19T23:02:51.125Z"}
{"level":"info","message":"connected to mongodb://localhost/Vidly_tests","timestamp":"2024-04-19T23:02:51.138Z"}
{"level":"info","message":"on port 3000...","timestamp":"2024-04-19T23:03:40.602Z"}
{"level":"info","message":"connected to mongodb://localhost/Vidly_tests","timestamp":"2024-04-19T23:03:40.613Z"}
{"level":"info","message":"on port 3000...","timestamp":"2024-04-19T23:06:53.262Z"}
{"level":"info","message":"connected to mongodb://localhost/Vidly_tests","timestamp":"2024-04-19T23:06:53.275Z"}
{"level":"info","message":"on port 3000...","timestamp":"2024-04-19T23:07:11.870Z"}
{"level":"info","message":"connected to mongodb://localhost/Vidly_tests","timestamp":"2024-04-19T23:07:11.886Z"}
{"level":"info","message":"on port 3000...","timestamp":"2024-04-19T23:08:13.510Z"}
{"level":"info","message":"connected to mongodb://localhost/Vidly_tests","timestamp":"2024-04-19T23:08:13.528Z"}
{"level":"info","message":"on port 3000...","timestamp":"2024-04-19T23:08:36.600Z"}
{"level":"info","message":"connected to mongodb://localhost/Vidly_tests","timestamp":"2024-04-19T23:08:36.616Z"}
{"level":"info","message":"on port 3000...","timestamp":"2024-04-19T23:08:42.135Z"}
{"level":"info","message":"connected to mongodb://localhost/Vidly_tests","timestamp":"2024-04-19T23:08:42.154Z"}
{"_message":"Genre validation failed","errors":{"name":{"kind":"minlength","message":"Path `name` (`1234`) is shorter than the minimum allowed length (5).","name":"ValidatorError","path":"name","properties":{"message":"Path `name` (`1234`) is shorter than the minimum allowed length (5).","minlength":5,"path":"name","type":"minlength","value":"1234"},"value":"1234"}},"level":"error","message":"Genre validation failed: name: Path `name` (`1234`) is shorter than the minimum allowed length (5). Genre validation failed: name: Path `name` (`1234`) is shorter than the minimum allowed length (5).","stack":"ValidationError: Genre validation failed: name: Path `name` (`1234`) is shorter than the minimum allowed length (5).\n    at model.Object.<anonymous>.Document.invalidate (C:\\Users\\lmcar\\vidly\\node_modules\\mongoose\\lib\\document.js:3197:32)\n    at C:\\Users\\lmcar\\vidly\\node_modules\\mongoose\\lib\\document.js:2990:17\n    at C:\\Users\\lmcar\\vidly\\node_modules\\mongoose\\lib\\schemaType.js:1370:9\n    at processTicksAndRejections (node:internal/process/task_queues:77:11)","timestamp":"2024-04-19T23:08:42.271Z"}
{"level":"info","message":"on port 3000...","timestamp":"2024-04-19T23:08:45.314Z"}
{"level":"info","message":"connected to mongodb://localhost/Vidly_tests","timestamp":"2024-04-19T23:08:45.327Z"}
{"_message":"Genre validation failed","errors":{"name":{"kind":"minlength","message":"Path `name` (`1234`) is shorter than the minimum allowed length (5).","name":"ValidatorError","path":"name","properties":{"message":"Path `name` (`1234`) is shorter than the minimum allowed length (5).","minlength":5,"path":"name","type":"minlength","value":"1234"},"value":"1234"}},"level":"error","message":"Genre validation failed: name: Path `name` (`1234`) is shorter than the minimum allowed length (5). Genre validation failed: name: Path `name` (`1234`) is shorter than the minimum allowed length (5).","stack":"ValidationError: Genre validation failed: name: Path `name` (`1234`) is shorter than the minimum allowed length (5).\n    at model.Object.<anonymous>.Document.invalidate (C:\\Users\\lmcar\\vidly\\node_modules\\mongoose\\lib\\document.js:3197:32)\n    at C:\\Users\\lmcar\\vidly\\node_modules\\mongoose\\lib\\document.js:2990:17\n    at C:\\Users\\lmcar\\vidly\\node_modules\\mongoose\\lib\\schemaType.js:1370:9\n    at processTicksAndRejections (node:internal/process/task_queues:77:11)","timestamp":"2024-04-19T23:08:45.426Z"}
{"level":"info","message":"on port 3000...","timestamp":"2024-04-19T23:10:02.004Z"}
{"level":"info","message":"connected to mongodb://localhost/Vidly_tests","timestamp":"2024-04-19T23:10:02.017Z"}
{"level":"info","message":"on port 3000...","timestamp":"2024-04-19T23:11:15.857Z"}
{"level":"info","message":"connected to mongodb://localhost/Vidly_tests","timestamp":"2024-04-19T23:11:15.869Z"}
{"_message":"Genre validation failed","errors":{"name":{"kind":"maxlength","message":"Path `name` (`123456789012345678901234567890123456789012345678901234567890`) is longer than the maximum allowed length (50).","name":"ValidatorError","path":"name","properties":{"maxlength":50,"message":"Path `name` (`123456789012345678901234567890123456789012345678901234567890`) is longer than the maximum allowed length (50).","path":"name","type":"maxlength","value":"123456789012345678901234567890123456789012345678901234567890"},"value":"123456789012345678901234567890123456789012345678901234567890"}},"level":"error","message":"Genre validation failed: name: Path `name` (`123456789012345678901234567890123456789012345678901234567890`) is longer than the maximum allowed length (50). Genre validation failed: name: Path `name` (`123456789012345678901234567890123456789012345678901234567890`) is longer than the maximum allowed length (50).","stack":"ValidationError: Genre validation failed: name: Path `name` (`123456789012345678901234567890123456789012345678901234567890`) is longer than the maximum allowed length (50).\n    at model.Object.<anonymous>.Document.invalidate (C:\\Users\\lmcar\\vidly\\node_modules\\mongoose\\lib\\document.js:3197:32)\n    at C:\\Users\\lmcar\\vidly\\node_modules\\mongoose\\lib\\document.js:2990:17\n    at C:\\Users\\lmcar\\vidly\\node_modules\\mongoose\\lib\\schemaType.js:1370:9\n    at processTicksAndRejections (node:internal/process/task_queues:77:11)","timestamp":"2024-04-19T23:11:15.963Z"}
{"level":"info","message":"on port 3000...","timestamp":"2024-04-19T23:13:35.588Z"}
{"level":"info","message":"connected to mongodb://localhost/Vidly_tests","timestamp":"2024-04-19T23:13:35.600Z"}
{"_message":"Genre validation failed","errors":{"name":{"kind":"maxlength","message":"Path `name` (`aaaaaaaaaaaaaaaaaaaaaaaaaaaaaaaaaaaaaaaaaaaaaaaaaaa`) is longer than the maximum allowed length (50).","name":"ValidatorError","path":"name","properties":{"maxlength":50,"message":"Path `name` (`aaaaaaaaaaaaaaaaaaaaaaaaaaaaaaaaaaaaaaaaaaaaaaaaaaa`) is longer than the maximum allowed length (50).","path":"name","type":"maxlength","value":"aaaaaaaaaaaaaaaaaaaaaaaaaaaaaaaaaaaaaaaaaaaaaaaaaaa"},"value":"aaaaaaaaaaaaaaaaaaaaaaaaaaaaaaaaaaaaaaaaaaaaaaaaaaa"}},"level":"error","message":"Genre validation failed: name: Path `name` (`aaaaaaaaaaaaaaaaaaaaaaaaaaaaaaaaaaaaaaaaaaaaaaaaaaa`) is longer than the maximum allowed length (50). Genre validation failed: name: Path `name` (`aaaaaaaaaaaaaaaaaaaaaaaaaaaaaaaaaaaaaaaaaaaaaaaaaaa`) is longer than the maximum allowed length (50).","stack":"ValidationError: Genre validation failed: name: Path `name` (`aaaaaaaaaaaaaaaaaaaaaaaaaaaaaaaaaaaaaaaaaaaaaaaaaaa`) is longer than the maximum allowed length (50).\n    at model.Object.<anonymous>.Document.invalidate (C:\\Users\\lmcar\\vidly\\node_modules\\mongoose\\lib\\document.js:3197:32)\n    at C:\\Users\\lmcar\\vidly\\node_modules\\mongoose\\lib\\document.js:2990:17\n    at C:\\Users\\lmcar\\vidly\\node_modules\\mongoose\\lib\\schemaType.js:1370:9\n    at processTicksAndRejections (node:internal/process/task_queues:77:11)","timestamp":"2024-04-19T23:13:35.697Z"}
{"level":"info","message":"on port 3000...","timestamp":"2024-04-19T23:14:00.186Z"}
{"level":"info","message":"connected to mongodb://localhost/Vidly_tests","timestamp":"2024-04-19T23:14:00.199Z"}
{"level":"info","message":"on port 3000...","timestamp":"2024-04-19T23:20:26.533Z"}
{"level":"info","message":"connected to mongodb://localhost/Vidly_tests","timestamp":"2024-04-19T23:20:26.550Z"}
{"level":"info","message":"on port 3000...","timestamp":"2024-04-19T23:20:43.407Z"}
{"level":"info","message":"connected to mongodb://localhost/Vidly_tests","timestamp":"2024-04-19T23:20:43.419Z"}
{"level":"info","message":"on port 3000...","timestamp":"2024-04-19T23:21:23.555Z"}
{"level":"info","message":"connected to mongodb://localhost/Vidly_tests","timestamp":"2024-04-19T23:21:23.571Z"}
{"level":"info","message":"on port 3000...","timestamp":"2024-04-19T23:21:32.695Z"}
{"level":"info","message":"connected to mongodb://localhost/Vidly_tests","timestamp":"2024-04-19T23:21:32.707Z"}
{"level":"info","message":"on port 3000...","timestamp":"2024-04-19T23:22:27.902Z"}
{"level":"info","message":"connected to mongodb://localhost/Vidly_tests","timestamp":"2024-04-19T23:22:27.914Z"}
{"level":"info","message":"on port 3000...","timestamp":"2024-04-19T23:23:51.135Z"}
{"level":"info","message":"connected to mongodb://localhost/Vidly_tests","timestamp":"2024-04-19T23:23:51.153Z"}
{"level":"info","message":"on port 3000...","timestamp":"2024-04-20T02:28:16.359Z"}
{"level":"info","message":"connected to mongodb://localhost/Vidly_tests","timestamp":"2024-04-20T02:28:16.374Z"}
{"level":"info","message":"on port 3000...","timestamp":"2024-04-20T02:31:17.083Z"}
{"level":"info","message":"connected to mongodb://localhost/Vidly_tests","timestamp":"2024-04-20T02:31:17.099Z"}
{"level":"info","message":"on port 3000...","timestamp":"2024-04-20T02:34:39.946Z"}
{"level":"info","message":"connected to mongodb://localhost/Vidly_tests","timestamp":"2024-04-20T02:34:39.962Z"}
